<?xml version="1.0" encoding="UTF-8" ?>
<testsuite failures="0" time="0.001" errors="0" skipped="0" tests="1" name="fr.sciencespo.medialab.hci.memorystructure.index.TestDataUtilityTest">
  <properties>
    <property name="java.runtime.name" value="Java(TM) SE Runtime Environment"/>
    <property name="sun.boot.library.path" value="C:\Program Files\Java\jdk1.6.0_18\jre\bin"/>
    <property name="java.vm.version" value="16.0-b13"/>
    <property name="java.vm.vendor" value="Sun Microsystems Inc."/>
    <property name="java.vendor.url" value="http://java.sun.com/"/>
    <property name="path.separator" value=";"/>
    <property name="java.vm.name" value="Java HotSpot(TM) Client VM"/>
    <property name="file.encoding.pkg" value="sun.io"/>
    <property name="user.country" value="US"/>
    <property name="sun.java.launcher" value="SUN_STANDARD"/>
    <property name="sun.os.patch.level" value="Service Pack 1"/>
    <property name="java.vm.specification.name" value="Java Virtual Machine Specification"/>
    <property name="user.dir" value="C:\source\MemoryStructure"/>
    <property name="java.runtime.version" value="1.6.0_18-b07"/>
    <property name="java.awt.graphicsenv" value="sun.awt.Win32GraphicsEnvironment"/>
    <property name="basedir" value="C:\source\MemoryStructure"/>
    <property name="java.endorsed.dirs" value="C:\Program Files\Java\jdk1.6.0_18\jre\lib\endorsed"/>
    <property name="os.arch" value="x86"/>
    <property name="surefire.real.class.path" value="C:\Users\heikki\AppData\Local\Temp\surefirebooter3041779579672614525.jar"/>
    <property name="java.io.tmpdir" value="C:\Users\heikki\AppData\Local\Temp\"/>
    <property name="line.separator" value="
"/>
    <property name="java.vm.specification.vendor" value="Sun Microsystems Inc."/>
    <property name="user.variant" value=""/>
    <property name="os.name" value="Windows 7"/>
    <property name="sun.jnu.encoding" value="Cp1252"/>
    <property name="java.library.path" value="C:\Program Files\Java\jdk1.6.0_18\jre\bin;.;C:\Windows\Sun\Java\bin;C:\Windows\system32;C:\Windows;C:\Windows\system32;C:\Windows;C:\Windows\System32\Wbem;C:\Windows\System32\WindowsPowerShell\v1.0\;C:\Program Files\ThinkPad\Bluetooth Software\;C:\Program Files\ATI Technologies\ATI.ACE\Core-Static;C:\Program Files\Common Files\Lenovo;C:\Program Files\Lenovo\Access Connections\;C:\Program Files\Lenovo\Client Security Solution;C:\apache-ant-1.7.1\bin;C:\Program Files\PostgreSQL\9.0\bin;.;C:\Program Files\Readypack\bin;C:\apache-maven-2.2.1\bin;C:\Program Files\Subversion\bin;C:\Program Files\Intel\WiFi\bin\;C:\Program Files\Common Files\Intel\WirelessCommon\;C:\Python27;C:\patch-2.5.9-7\bin;C:\Program Files\Intel\WiFi\bin\;C:\Program Files\Common Files\Intel\WirelessCommon\"/>
    <property name="surefire.test.class.path" value="C:\source\MemoryStructure\target\test-classes;C:\source\MemoryStructure\target\classes;C:\Users\heikki\.m2\repository\org\apache\lucene\lucene-core\3.5.0\lucene-core-3.5.0.jar;C:\source\MemoryStructure\src\lib\guava-11.0.1.jar;C:\source\MemoryStructure\src\lib\gexf4j-core-0.2.0-ALPHA.jar;C:\Users\heikki\.m2\repository\junit\junit\3.8.1\junit-3.8.1.jar;C:\Users\heikki\.m2\repository\org\slf4j\slf4j-api\1.6.4\slf4j-api-1.6.4.jar;C:\Users\heikki\.m2\repository\org\slf4j\slf4j-log4j12\1.6.4\slf4j-log4j12-1.6.4.jar;C:\Users\heikki\.m2\repository\log4j\log4j\1.2.16\log4j-1.2.16.jar;C:\Users\heikki\.m2\repository\commons-lang\commons-lang\2.6\commons-lang-2.6.jar;C:\Users\heikki\.m2\repository\commons-collections\commons-collections\3.2.1\commons-collections-3.2.1.jar;C:\Users\heikki\.m2\repository\org\apache\thrift\libthrift\0.8.0\libthrift-0.8.0.jar;C:\Users\heikki\.m2\repository\org\apache\httpcomponents\httpclient\4.1.2\httpclient-4.1.2.jar;C:\Users\heikki\.m2\repository\org\apache\httpcomponents\httpcore\4.1.3\httpcore-4.1.3.jar;C:\Users\heikki\.m2\repository\commons-logging\commons-logging\1.1.1\commons-logging-1.1.1.jar;C:\Users\heikki\.m2\repository\commons-codec\commons-codec\1.4\commons-codec-1.4.jar;"/>
    <property name="java.specification.name" value="Java Platform API Specification"/>
    <property name="java.class.version" value="50.0"/>
    <property name="sun.management.compiler" value="HotSpot Client Compiler"/>
    <property name="os.version" value="6.1"/>
    <property name="user.home" value="C:\Users\heikki"/>
    <property name="user.timezone" value="Europe/Paris"/>
    <property name="java.awt.printerjob" value="sun.awt.windows.WPrinterJob"/>
    <property name="java.specification.version" value="1.6"/>
    <property name="file.encoding" value="Cp1252"/>
    <property name="user.name" value="heikki"/>
    <property name="java.class.path" value="C:\source\MemoryStructure\target\test-classes;C:\source\MemoryStructure\target\classes;C:\Users\heikki\.m2\repository\org\apache\lucene\lucene-core\3.5.0\lucene-core-3.5.0.jar;C:\source\MemoryStructure\src\lib\guava-11.0.1.jar;C:\source\MemoryStructure\src\lib\gexf4j-core-0.2.0-ALPHA.jar;C:\Users\heikki\.m2\repository\junit\junit\3.8.1\junit-3.8.1.jar;C:\Users\heikki\.m2\repository\org\slf4j\slf4j-api\1.6.4\slf4j-api-1.6.4.jar;C:\Users\heikki\.m2\repository\org\slf4j\slf4j-log4j12\1.6.4\slf4j-log4j12-1.6.4.jar;C:\Users\heikki\.m2\repository\log4j\log4j\1.2.16\log4j-1.2.16.jar;C:\Users\heikki\.m2\repository\commons-lang\commons-lang\2.6\commons-lang-2.6.jar;C:\Users\heikki\.m2\repository\commons-collections\commons-collections\3.2.1\commons-collections-3.2.1.jar;C:\Users\heikki\.m2\repository\org\apache\thrift\libthrift\0.8.0\libthrift-0.8.0.jar;C:\Users\heikki\.m2\repository\org\apache\httpcomponents\httpclient\4.1.2\httpclient-4.1.2.jar;C:\Users\heikki\.m2\repository\org\apache\httpcomponents\httpcore\4.1.3\httpcore-4.1.3.jar;C:\Users\heikki\.m2\repository\commons-logging\commons-logging\1.1.1\commons-logging-1.1.1.jar;C:\Users\heikki\.m2\repository\commons-codec\commons-codec\1.4\commons-codec-1.4.jar;"/>
    <property name="java.vm.specification.version" value="1.0"/>
    <property name="sun.arch.data.model" value="32"/>
    <property name="java.home" value="C:\Program Files\Java\jdk1.6.0_18\jre"/>
    <property name="java.specification.vendor" value="Sun Microsystems Inc."/>
    <property name="user.language" value="en"/>
    <property name="awt.toolkit" value="sun.awt.windows.WToolkit"/>
    <property name="java.vm.info" value="mixed mode, sharing"/>
    <property name="java.version" value="1.6.0_18"/>
    <property name="java.ext.dirs" value="C:\Program Files\Java\jdk1.6.0_18\jre\lib\ext;C:\Windows\Sun\Java\lib\ext"/>
    <property name="sun.boot.class.path" value="C:\Program Files\Java\jdk1.6.0_18\jre\lib\resources.jar;C:\Program Files\Java\jdk1.6.0_18\jre\lib\rt.jar;C:\Program Files\Java\jdk1.6.0_18\jre\lib\sunrsasign.jar;C:\Program Files\Java\jdk1.6.0_18\jre\lib\jsse.jar;C:\Program Files\Java\jdk1.6.0_18\jre\lib\jce.jar;C:\Program Files\Java\jdk1.6.0_18\jre\lib\charsets.jar;C:\Program Files\Java\jdk1.6.0_18\jre\classes"/>
    <property name="java.vendor" value="Sun Microsystems Inc."/>
    <property name="localRepository" value="C:\Users\heikki\.m2\repository"/>
    <property name="file.separator" value="\"/>
    <property name="java.vendor.url.bug" value="http://java.sun.com/cgi-bin/bugreport.cgi"/>
    <property name="sun.cpu.endian" value="little"/>
    <property name="sun.io.unicode.encoding" value="UnicodeLittle"/>
    <property name="sun.desktop" value="windows"/>
    <property name="sun.cpu.isalist" value="pentium_pro+mmx pentium_pro pentium+mmx pentium i486 i386 i86"/>
  </properties>
  <testcase time="0" classname="fr.sciencespo.medialab.hci.memorystructure.index.TestDataUtilityTest" name="testTrue"/>
</testsuite>